
ROM used:   996/8192 (12%)
            996/8192 (12%) including unused fragments

            0.8 Average locations per line
            9.4 Average locations per statement

RAM used:   14/368 (4%) at main() level
            39/368 (11%) worst case

Stack used: 5 worst case (5 in main + 0 for interrupts)
Stack size: 8

Lines Stmts  %   Files
----- ----- ---  -----
   41    22  21  sensorlcd.c
  773     0   0  ..\..\..\..\Program Files (x86)\PICC\Devices\16f887.h
  456    84  79  ..\..\..\..\Program Files (x86)\PICC\Drivers\LCD.c
----- -----
 1270   106 Total

Page ROM  %  RAM    Vol Diff  Functions:
---- --- --- ---    --- ----  ----------
0     21   2    1    106  1.6  @delay_ms1
 Inline         3    596  5.9  lcd_read_byte
0      6   1    0     59  4.2  lcd_read_nibble
0     12   1    1    179  3.3  lcd_send_nibble
0     64   6    3    460  4.7  lcd_send_byte
0     62   6    6    814  7.2  lcd_init
0     18   2    4    208  6.3  lcd_gotoxy
0     44   4    1    354  4.7  lcd_putc
0    195  20    1    586  3.2  MAIN
0      6   1    0   1461  7.9  @const643
0     86   9    4             @PSTRINGC7_626
0     10   1    0             @const648
0      3   0    0             @const649
0     31   3    2             @ITOF
0    117  12   13             @MULFF
0      3   0    0             @const655
0      9   1    0             @const656
 Inline         5             @FTOSD
0     79   8   13             @DIV3232
0    226  23   13             @PRINTF_L32D_626FPFPF
 Inline         0   1460  4.4  @cinit1

Program metrics:
    Functions               11
    Statements              106
    Comments                250
    Volume (V)              9563
    Difficulty (D)          50.5
    Effort to implement (E) 483193
    Time to implement (T)   7 hours, 27 minutes
    Est Delivered Bugs (B)  2
    Cyclomatic Complexity   13
    Maintainability (MI)    143

 Segment     Used  Free
-----------  ----  ----
00000-00003     4  0  
00004-007FF   992  1052  
00800-00FFF     0  2048  
01000-017FF     0  2048  
01800-01FFF     0  2048  



